# JRE version: OpenJDK Runtime Environment (8.0_212-b04) (build 1.8.0_212-b04)
# Java VM: OpenJDK 64-Bit Server VM (25.212-b04 mixed mode windows-amd64 compressed oops)
Heap:
 PSYoungGen      total 55296K, used 46938K [0x000000076ba00000, 0x000000076fa80000, 0x00000007c0000000)
  eden space 45568K, 89% used [0x000000076ba00000,0x000000076e1ee940,0x000000076e680000)
  from space 9728K, 62% used [0x000000076f100000,0x000000076f6e8000,0x000000076fa80000)
  to   space 10240K, 0% used [0x000000076e680000,0x000000076e680000,0x000000076f080000)
 ParOldGen       total 173568K, used 2172K [0x00000006c2e00000, 0x00000006cd780000, 0x000000076ba00000)
  object space 173568K, 1% used [0x00000006c2e00000,0x00000006c301f388,0x00000006cd780000)
 Metaspace       used 10219K, capacity 10468K, committed 10752K, reserved 1058816K
  class space    used 1074K, capacity 1165K, committed 1280K, reserved 1048576K
GC Heap History (10 events):
Event: 474.463 GC heap before
{Heap before GC invocations=20 (full 0):
 PSYoungGen      total 55296K, used 55168K [0x000000076ba00000, 0x000000076fe80000, 0x00000007c0000000)
  eden space 48640K, 100% used [0x000000076ba00000,0x000000076e980000,0x000000076e980000)
  from space 6656K, 98% used [0x000000076ea80000,0x000000076f0e0000,0x000000076f100000)
  to   space 10752K, 0% used [0x000000076f400000,0x000000076f400000,0x000000076fe80000)
 ParOldGen       total 173568K, used 1972K [0x00000006c2e00000, 0x00000006cd780000, 0x000000076ba00000)
  object space 173568K, 1% used [0x00000006c2e00000,0x00000006c2fed388,0x00000006cd780000)
 Metaspace       used 10090K, capacity 10276K, committed 10496K, reserved 1058816K
  class space    used 1065K, capacity 1165K, committed 1280K, reserved 1048576K
Event: 474.467 GC heap after
Heap after GC invocations=20 (full 0):
 PSYoungGen      total 57344K, used 6368K [0x000000076ba00000, 0x000000076fd80000, 0x00000007c0000000)
  eden space 47616K, 0% used [0x000000076ba00000,0x000000076ba00000,0x000000076e880000)
  from space 9728K, 65% used [0x000000076f400000,0x000000076fa38000,0x000000076fd80000)
  to   space 10752K, 0% used [0x000000076e880000,0x000000076e880000,0x000000076f300000)
 ParOldGen       total 173568K, used 1996K [0x00000006c2e00000, 0x00000006cd780000, 0x000000076ba00000)
  object space 173568K, 1% used [0x00000006c2e00000,0x00000006c2ff3388,0x00000006cd780000)
 Metaspace       used 10090K, capacity 10276K, committed 10496K, reserved 1058816K
  class space    used 1065K, capacity 1165K, committed 1280K, reserved 1048576K
}
Event: 494.106 GC heap before
{Heap before GC invocations=21 (full 0):
 PSYoungGen      total 57344K, used 53984K [0x000000076ba00000, 0x000000076fd80000, 0x00000007c0000000)
  eden space 47616K, 100% used [0x000000076ba00000,0x000000076e880000,0x000000076e880000)
  from space 9728K, 65% used [0x000000076f400000,0x000000076fa38000,0x000000076fd80000)
  to   space 10752K, 0% used [0x000000076e880000,0x000000076e880000,0x000000076f300000)
 ParOldGen       total 173568K, used 1996K [0x00000006c2e00000, 0x00000006cd780000, 0x000000076ba00000)
  object space 173568K, 1% used [0x00000006c2e00000,0x00000006c2ff3388,0x00000006cd780000)
 Metaspace       used 10102K, capacity 10276K, committed 10496K, reserved 1058816K
  class space    used 1065K, capacity 1165K, committed 1280K, reserved 1048576K
Event: 494.111 GC heap after
Heap after GC invocations=21 (full 0):
 PSYoungGen      total 53760K, used 6240K [0x000000076ba00000, 0x000000076fd00000, 0x00000007c0000000)
  eden space 47104K, 0% used [0x000000076ba00000,0x000000076ba00000,0x000000076e800000)
  from space 6656K, 93% used [0x000000076e880000,0x000000076ee98000,0x000000076ef00000)
  to   space 10752K, 0% used [0x000000076f280000,0x000000076f280000,0x000000076fd00000)
 ParOldGen       total 173568K, used 2060K [0x00000006c2e00000, 0x00000006cd780000, 0x000000076ba00000)
  object space 173568K, 1% used [0x00000006c2e00000,0x00000006c3003388,0x00000006cd780000)
 Metaspace       used 10102K, capacity 10276K, committed 10496K, reserved 1058816K
  class space    used 1065K, capacity 1165K, committed 1280K, reserved 1048576K
}
Event: 513.027 GC heap before
{Heap before GC invocations=22 (full 0):
 PSYoungGen      total 53760K, used 53344K [0x000000076ba00000, 0x000000076fd00000, 0x00000007c0000000)
  eden space 47104K, 100% used [0x000000076ba00000,0x000000076e800000,0x000000076e800000)
  from space 6656K, 93% used [0x000000076e880000,0x000000076ee98000,0x000000076ef00000)
  to   space 10752K, 0% used [0x000000076f280000,0x000000076f280000,0x000000076fd00000)
 ParOldGen       total 173568K, used 2060K [0x00000006c2e00000, 0x00000006cd780000, 0x000000076ba00000)
  object space 173568K, 1% used [0x00000006c2e00000,0x00000006c3003388,0x00000006cd780000)
 Metaspace       used 10139K, capacity 10404K, committed 10752K, reserved 1058816K
  class space    used 1071K, capacity 1165K, committed 1280K, reserved 1048576K
Event: 513.031 GC heap after
Heap after GC invocations=22 (full 0):
 PSYoungGen      total 56832K, used 6048K [0x000000076ba00000, 0x000000076fc80000, 0x00000007c0000000)
  eden space 46592K, 0% used [0x000000076ba00000,0x000000076ba00000,0x000000076e780000)
  from space 10240K, 59% used [0x000000076f280000,0x000000076f868000,0x000000076fc80000)
  to   space 10752K, 0% used [0x000000076e780000,0x000000076e780000,0x000000076f200000)
 ParOldGen       total 173568K, used 2092K [0x00000006c2e00000, 0x00000006cd780000, 0x000000076ba00000)
  object space 173568K, 1% used [0x00000006c2e00000,0x00000006c300b388,0x00000006cd780000)
 Metaspace       used 10139K, capacity 10404K, committed 10752K, reserved 1058816K
  class space    used 1071K, capacity 1165K, committed 1280K, reserved 1048576K
}
Event: 532.142 GC heap before
{Heap before GC invocations=23 (full 0):
 PSYoungGen      total 56832K, used 52640K [0x000000076ba00000, 0x000000076fc80000, 0x00000007c0000000)
  eden space 46592K, 100% used [0x000000076ba00000,0x000000076e780000,0x000000076e780000)
  from space 10240K, 59% used [0x000000076f280000,0x000000076f868000,0x000000076fc80000)
  to   space 10752K, 0% used [0x000000076e780000,0x000000076e780000,0x000000076f200000)
 ParOldGen       total 173568K, used 2092K [0x00000006c2e00000, 0x00000006cd780000, 0x000000076ba00000)
  object space 173568K, 1% used [0x00000006c2e00000,0x00000006c300b388,0x00000006cd780000)
 Metaspace       used 10164K, capacity 10404K, committed 10752K, reserved 1058816K
  class space    used 1072K, capacity 1165K, committed 1280K, reserved 1048576K
Event: 532.146 GC heap after
Heap after GC invocations=23 (full 0):
 PSYoungGen      total 52224K, used 6080K [0x000000076ba00000, 0x000000076fb00000, 0x00000007c0000000)
  eden space 46080K, 0% used [0x000000076ba00000,0x000000076ba00000,0x000000076e700000)
  from space 6144K, 98% used [0x000000076e780000,0x000000076ed70000,0x000000076ed80000)
  to   space 10240K, 0% used [0x000000076f100000,0x000000076f100000,0x000000076fb00000)
 ParOldGen       total 173568K, used 2132K [0x00000006c2e00000, 0x00000006cd780000, 0x000000076ba00000)
  object space 173568K, 1% used [0x00000006c2e00000,0x00000006c3015388,0x00000006cd780000)
 Metaspace       used 10164K, capacity 10404K, committed 10752K, reserved 1058816K
  class space    used 1072K, capacity 1165K, committed 1280K, reserved 1048576K
}
Event: 550.895 GC heap before
{Heap before GC invocations=24 (full 0):
 PSYoungGen      total 52224K, used 52160K [0x000000076ba00000, 0x000000076fb00000, 0x00000007c0000000)
  eden space 46080K, 100% used [0x000000076ba00000,0x000000076e700000,0x000000076e700000)
  from space 6144K, 98% used [0x000000076e780000,0x000000076ed70000,0x000000076ed80000)
  to   space 10240K, 0% used [0x000000076f100000,0x000000076f100000,0x000000076fb00000)
 ParOldGen       total 173568K, used 2132K [0x00000006c2e00000, 0x00000006cd780000, 0x000000076ba00000)
  object space 173568K, 1% used [0x00000006c2e00000,0x00000006c3015388,0x00000006cd780000)
 Metaspace       used 10193K, capacity 10468K, committed 10752K, reserved 1058816K
  class space    used 1073K, capacity 1165K, committed 1280K, reserved 1048576K
Event: 550.898 GC heap after
Heap after GC invocations=24 (full 0):
 PSYoungGen      total 55296K, used 6048K [0x000000076ba00000, 0x000000076fa80000, 0x00000007c0000000)
  eden space 45568K, 0% used [0x000000076ba00000,0x000000076ba00000,0x000000076e680000)
  from space 9728K, 62% used [0x000000076f100000,0x000000076f6e8000,0x000000076fa80000)
  to   space 10240K, 0% used [0x000000076e680000,0x000000076e680000,0x000000076f080000)
 ParOldGen       total 173568K, used 2172K [0x00000006c2e00000, 0x00000006cd780000, 0x000000076ba00000)
  object space 173568K, 1% used [0x00000006c2e00000,0x00000006c301f388,0x00000006cd780000)
 Metaspace       used 10193K, capacity 10468K, committed 10752K, reserved 1058816K
  class space    used 1073K, capacity 1165K, committed 1280K, reserved 1048576K
}

